2025-07-05 15:41:57 | INFO | logger_config.py:39 | 日志系统已初始化，日志文件: API\log\20250705\154157.log
2025-07-05 15:41:57 | INFO | service.py:31 | 模型位置: D:\00deeplearn\yolo11\【2】训练模型\cls\train_new\weights\best.pt
2025-07-05 15:41:57 | INFO | service.py:196 | 服务启动在端口: 5000
2025-07-05 15:42:12 | INFO | service.py:76 | 接收到请求 - 雪橇号码: 1378, 日期: 20250521
2025-07-05 15:42:12 | INFO | service.py:80 | 接收到图片数据
2025-07-05 15:42:14 | INFO | service.py:104 | .....................
2025-07-05 15:42:14 | DEBUG | service.py:105 | 模型所有类别: {0: 'C', 1: 'M', 2: 'S'}
2025-07-05 15:42:14 | INFO | service.py:106 | 检测类别结果: M
2025-07-05 15:42:14 | INFO | service.py:107 | ----------------------
2025-07-05 15:42:14 | INFO | service.py:143 | 图像处理完成，准备显示结果
2025-07-05 15:42:17 | ERROR | db_utils.py:35 | yyyy数据库连接失败: 'dict' object has no attribute 'host'
2025-07-05 15:42:17 | INFO | service.py:60 | 创建响应 - 状态码: 200, 消息: detection_success, 检测类别: M
2025-07-05 15:46:42 | INFO | service.py:76 | 接收到请求 - 雪橇号码: 1378, 日期: 20250521
2025-07-05 15:46:42 | INFO | service.py:80 | 接收到图片数据
2025-07-05 15:46:42 | INFO | service.py:104 | .....................
2025-07-05 15:46:42 | DEBUG | service.py:105 | 模型所有类别: {0: 'C', 1: 'M', 2: 'S'}
2025-07-05 15:46:42 | INFO | service.py:106 | 检测类别结果: M
2025-07-05 15:46:42 | INFO | service.py:107 | ----------------------
2025-07-05 15:46:42 | INFO | service.py:143 | 图像处理完成，准备显示结果
2025-07-05 15:46:44 | ERROR | db_utils.py:35 | yyyy数据库连接失败: 'dict' object has no attribute 'host'
2025-07-05 15:46:44 | INFO | service.py:60 | 创建响应 - 状态码: 200, 消息: detection_success, 检测类别: M
